<?xml version="1.0" encoding="UTF-8"?>
<!-- Generated by org.testng.reporters.JUnitReportReporter -->
<testsuite hostname="DESKTOP-HC76K2O" failures="0" tests="1" name="TestRunner.Runner" time="27.446" errors="0" timestamp="2025-08-29T19:13:00 IST" skipped="0">
  <testcase classname="TestRunner.Runner" name="runScenario" time="27.446"/>
</testsuite> <!-- TestRunner.Runner -->
