<?xml version="1.0" encoding="UTF-8"?>
<!-- Generated by org.testng.reporters.JUnitReportReporter -->
<testsuite hostname="DESKTOP-HC76K2O" failures="0" tests="1" name="TestRunner.Runner" time="34.510" errors="0" timestamp="2025-08-27T15:04:43 IST" skipped="0">
  <testcase classname="TestRunner.Runner" name="runScenario" time="34.510"/>
</testsuite> <!-- TestRunner.Runner -->
